<?xml version="1.0" encoding="UTF-8"?>
<testsuite xmlns:xsi="http://www.w3.org/2001/XMLSchema-instance" xsi:noNamespaceSchemaLocation="https://maven.apache.org/surefire/maven-surefire-plugin/xsd/surefire-test-report.xsd" name="com.stylefeng.guns.rest.GunsApiApplicationTests" time="1.293" tests="1" errors="0" skipped="0" failures="0">
  <properties>
    <property name="java.specification.version" value="15"/>
    <property name="sun.jnu.encoding" value="UTF-8"/>
    <property name="java.class.path" value="/Users/ferrarizhou/IdeaProjects/school-bus-project/school-bus/guns-api/target/test-classes:/Users/ferrarizhou/IdeaProjects/school-bus-project/school-bus/guns-api/target/classes:/Users/ferrarizhou/.m2/repository/com/spring4all/swagger-spring-boot-starter/1.8.0.RELEASE/swagger-spring-boot-starter-1.8.0.RELEASE.jar:/Users/ferrarizhou/.m2/repository/io/springfox/springfox-swagger-ui/2.9.2/springfox-swagger-ui-2.9.2.jar:/Users/ferrarizhou/.m2/repository/io/springfox/springfox-spring-web/2.9.2/springfox-spring-web-2.9.2.jar:/Users/ferrarizhou/.m2/repository/io/springfox/springfox-swagger2/2.9.2/springfox-swagger2-2.9.2.jar:/Users/ferrarizhou/.m2/repository/io/swagger/swagger-annotations/1.5.20/swagger-annotations-1.5.20.jar:/Users/ferrarizhou/.m2/repository/io/swagger/swagger-models/1.5.20/swagger-models-1.5.20.jar:/Users/ferrarizhou/.m2/repository/com/fasterxml/jackson/core/jackson-annotations/2.9.0/jackson-annotations-2.9.0.jar:/Users/ferrarizhou/.m2/repository/io/springfox/springfox-spi/2.9.2/springfox-spi-2.9.2.jar:/Users/ferrarizhou/.m2/repository/io/springfox/springfox-core/2.9.2/springfox-core-2.9.2.jar:/Users/ferrarizhou/.m2/repository/net/bytebuddy/byte-buddy/1.7.11/byte-buddy-1.7.11.jar:/Users/ferrarizhou/.m2/repository/io/springfox/springfox-schema/2.9.2/springfox-schema-2.9.2.jar:/Users/ferrarizhou/.m2/repository/io/springfox/springfox-swagger-common/2.9.2/springfox-swagger-common-2.9.2.jar:/Users/ferrarizhou/.m2/repository/com/google/guava/guava/20.0/guava-20.0.jar:/Users/ferrarizhou/.m2/repository/com/fasterxml/classmate/1.3.4/classmate-1.3.4.jar:/Users/ferrarizhou/.m2/repository/org/slf4j/slf4j-api/1.7.25/slf4j-api-1.7.25.jar:/Users/ferrarizhou/.m2/repository/org/springframework/plugin/spring-plugin-core/1.2.0.RELEASE/spring-plugin-core-1.2.0.RELEASE.jar:/Users/ferrarizhou/.m2/repository/org/springframework/spring-beans/5.0.5.RELEASE/spring-beans-5.0.5.RELEASE.jar:/Users/ferrarizhou/.m2/repository/org/springframework/spring-aop/5.0.5.RELEASE/spring-aop-5.0.5.RELEASE.jar:/Users/ferrarizhou/.m2/repository/org/springframework/plugin/spring-plugin-metadata/1.2.0.RELEASE/spring-plugin-metadata-1.2.0.RELEASE.jar:/Users/ferrarizhou/.m2/repository/org/mapstruct/mapstruct/1.2.0.Final/mapstruct-1.2.0.Final.jar:/Users/ferrarizhou/.m2/repository/io/springfox/springfox-bean-validators/2.9.2/springfox-bean-validators-2.9.2.jar:/Users/ferrarizhou/.m2/repository/org/projectlombok/lombok/1.18.8/lombok-1.18.8.jar:/Users/ferrarizhou/.m2/repository/cn/hutool/hutool-all/4.6.1/hutool-all-4.6.1.jar:/Users/ferrarizhou/.m2/repository/org/springframework/boot/spring-boot-autoconfigure/2.0.1.RELEASE/spring-boot-autoconfigure-2.0.1.RELEASE.jar:/Users/ferrarizhou/.m2/repository/org/springframework/boot/spring-boot/2.0.1.RELEASE/spring-boot-2.0.1.RELEASE.jar:/Users/ferrarizhou/.m2/repository/org/springframework/spring-core/5.0.5.RELEASE/spring-core-5.0.5.RELEASE.jar:/Users/ferrarizhou/.m2/repository/org/springframework/spring-jcl/5.0.5.RELEASE/spring-jcl-5.0.5.RELEASE.jar:/Users/ferrarizhou/.m2/repository/org/springframework/spring-context/5.0.5.RELEASE/spring-context-5.0.5.RELEASE.jar:/Users/ferrarizhou/.m2/repository/org/springframework/spring-expression/5.0.5.RELEASE/spring-expression-5.0.5.RELEASE.jar:/Users/ferrarizhou/.m2/repository/org/springframework/boot/spring-boot-test/2.0.1.RELEASE/spring-boot-test-2.0.1.RELEASE.jar:/Users/ferrarizhou/.m2/repository/org/testng/testng/7.3.0/testng-7.3.0.jar:/Users/ferrarizhou/.m2/repository/com/beust/jcommander/1.78/jcommander-1.78.jar:/Users/ferrarizhou/.m2/repository/org/apache/ant/ant/1.10.3/ant-1.10.3.jar:/Users/ferrarizhou/.m2/repository/org/apache/ant/ant-launcher/1.10.3/ant-launcher-1.10.3.jar:/Users/ferrarizhou/.m2/repository/junit/junit/4.12/junit-4.12.jar:/Users/ferrarizhou/.m2/repository/org/hamcrest/hamcrest-core/1.3/hamcrest-core-1.3.jar:/Users/ferrarizhou/.m2/repository/com/google/inject/guice/4.2.2/guice-4.2.2-no_aop.jar:/Users/ferrarizhou/.m2/repository/javax/inject/javax.inject/1/javax.inject-1.jar:/Users/ferrarizhou/.m2/repository/aopalliance/aopalliance/1.0/aopalliance-1.0.jar:/Users/ferrarizhou/.m2/repository/org/yaml/snakeyaml/1.19/snakeyaml-1.19.jar:/Users/ferrarizhou/.m2/repository/org/apache/maven/surefire/surefire-testng-utils/2.21.0/surefire-testng-utils-2.21.0.jar:/Users/ferrarizhou/.m2/repository/org/apache/maven/surefire/surefire-grouper/2.21.0/surefire-grouper-2.21.0.jar:"/>
    <property name="java.vm.vendor" value="Oracle Corporation"/>
    <property name="sun.arch.data.model" value="64"/>
    <property name="java.vendor.url" value="https://java.oracle.com/"/>
    <property name="os.name" value="Mac OS X"/>
    <property name="java.vm.specification.version" value="15"/>
    <property name="sun.java.launcher" value="SUN_STANDARD"/>
    <property name="user.country" value="CN"/>
    <property name="sun.boot.library.path" value="/Users/ferrarizhou/Library/Java/JavaVirtualMachines/openjdk-15.0.1/Contents/Home/lib"/>
    <property name="sun.java.command" value="/Users/ferrarizhou/IdeaProjects/school-bus-project/school-bus/guns-api/target/surefire/surefirebooter16562708570142596451.jar /Users/ferrarizhou/IdeaProjects/school-bus-project/school-bus/guns-api/target/surefire 2021-01-04T11-05-03_378-jvmRun1 surefire6891515727777971185tmp surefire_09944874753964244465tmp"/>
    <property name="jdk.debug" value="release"/>
    <property name="surefire.test.class.path" value="/Users/ferrarizhou/IdeaProjects/school-bus-project/school-bus/guns-api/target/test-classes:/Users/ferrarizhou/IdeaProjects/school-bus-project/school-bus/guns-api/target/classes:/Users/ferrarizhou/.m2/repository/com/spring4all/swagger-spring-boot-starter/1.8.0.RELEASE/swagger-spring-boot-starter-1.8.0.RELEASE.jar:/Users/ferrarizhou/.m2/repository/io/springfox/springfox-swagger-ui/2.9.2/springfox-swagger-ui-2.9.2.jar:/Users/ferrarizhou/.m2/repository/io/springfox/springfox-spring-web/2.9.2/springfox-spring-web-2.9.2.jar:/Users/ferrarizhou/.m2/repository/io/springfox/springfox-swagger2/2.9.2/springfox-swagger2-2.9.2.jar:/Users/ferrarizhou/.m2/repository/io/swagger/swagger-annotations/1.5.20/swagger-annotations-1.5.20.jar:/Users/ferrarizhou/.m2/repository/io/swagger/swagger-models/1.5.20/swagger-models-1.5.20.jar:/Users/ferrarizhou/.m2/repository/com/fasterxml/jackson/core/jackson-annotations/2.9.0/jackson-annotations-2.9.0.jar:/Users/ferrarizhou/.m2/repository/io/springfox/springfox-spi/2.9.2/springfox-spi-2.9.2.jar:/Users/ferrarizhou/.m2/repository/io/springfox/springfox-core/2.9.2/springfox-core-2.9.2.jar:/Users/ferrarizhou/.m2/repository/net/bytebuddy/byte-buddy/1.7.11/byte-buddy-1.7.11.jar:/Users/ferrarizhou/.m2/repository/io/springfox/springfox-schema/2.9.2/springfox-schema-2.9.2.jar:/Users/ferrarizhou/.m2/repository/io/springfox/springfox-swagger-common/2.9.2/springfox-swagger-common-2.9.2.jar:/Users/ferrarizhou/.m2/repository/com/google/guava/guava/20.0/guava-20.0.jar:/Users/ferrarizhou/.m2/repository/com/fasterxml/classmate/1.3.4/classmate-1.3.4.jar:/Users/ferrarizhou/.m2/repository/org/slf4j/slf4j-api/1.7.25/slf4j-api-1.7.25.jar:/Users/ferrarizhou/.m2/repository/org/springframework/plugin/spring-plugin-core/1.2.0.RELEASE/spring-plugin-core-1.2.0.RELEASE.jar:/Users/ferrarizhou/.m2/repository/org/springframework/spring-beans/5.0.5.RELEASE/spring-beans-5.0.5.RELEASE.jar:/Users/ferrarizhou/.m2/repository/org/springframework/spring-aop/5.0.5.RELEASE/spring-aop-5.0.5.RELEASE.jar:/Users/ferrarizhou/.m2/repository/org/springframework/plugin/spring-plugin-metadata/1.2.0.RELEASE/spring-plugin-metadata-1.2.0.RELEASE.jar:/Users/ferrarizhou/.m2/repository/org/mapstruct/mapstruct/1.2.0.Final/mapstruct-1.2.0.Final.jar:/Users/ferrarizhou/.m2/repository/io/springfox/springfox-bean-validators/2.9.2/springfox-bean-validators-2.9.2.jar:/Users/ferrarizhou/.m2/repository/org/projectlombok/lombok/1.18.8/lombok-1.18.8.jar:/Users/ferrarizhou/.m2/repository/cn/hutool/hutool-all/4.6.1/hutool-all-4.6.1.jar:/Users/ferrarizhou/.m2/repository/org/springframework/boot/spring-boot-autoconfigure/2.0.1.RELEASE/spring-boot-autoconfigure-2.0.1.RELEASE.jar:/Users/ferrarizhou/.m2/repository/org/springframework/boot/spring-boot/2.0.1.RELEASE/spring-boot-2.0.1.RELEASE.jar:/Users/ferrarizhou/.m2/repository/org/springframework/spring-core/5.0.5.RELEASE/spring-core-5.0.5.RELEASE.jar:/Users/ferrarizhou/.m2/repository/org/springframework/spring-jcl/5.0.5.RELEASE/spring-jcl-5.0.5.RELEASE.jar:/Users/ferrarizhou/.m2/repository/org/springframework/spring-context/5.0.5.RELEASE/spring-context-5.0.5.RELEASE.jar:/Users/ferrarizhou/.m2/repository/org/springframework/spring-expression/5.0.5.RELEASE/spring-expression-5.0.5.RELEASE.jar:/Users/ferrarizhou/.m2/repository/org/springframework/boot/spring-boot-test/2.0.1.RELEASE/spring-boot-test-2.0.1.RELEASE.jar:/Users/ferrarizhou/.m2/repository/org/testng/testng/7.3.0/testng-7.3.0.jar:/Users/ferrarizhou/.m2/repository/com/beust/jcommander/1.78/jcommander-1.78.jar:/Users/ferrarizhou/.m2/repository/org/apache/ant/ant/1.10.3/ant-1.10.3.jar:/Users/ferrarizhou/.m2/repository/org/apache/ant/ant-launcher/1.10.3/ant-launcher-1.10.3.jar:/Users/ferrarizhou/.m2/repository/junit/junit/4.12/junit-4.12.jar:/Users/ferrarizhou/.m2/repository/org/hamcrest/hamcrest-core/1.3/hamcrest-core-1.3.jar:/Users/ferrarizhou/.m2/repository/com/google/inject/guice/4.2.2/guice-4.2.2-no_aop.jar:/Users/ferrarizhou/.m2/repository/javax/inject/javax.inject/1/javax.inject-1.jar:/Users/ferrarizhou/.m2/repository/aopalliance/aopalliance/1.0/aopalliance-1.0.jar:/Users/ferrarizhou/.m2/repository/org/yaml/snakeyaml/1.19/snakeyaml-1.19.jar:/Users/ferrarizhou/.m2/repository/org/apache/maven/surefire/surefire-testng-utils/2.21.0/surefire-testng-utils-2.21.0.jar:/Users/ferrarizhou/.m2/repository/org/apache/maven/surefire/surefire-grouper/2.21.0/surefire-grouper-2.21.0.jar:"/>
    <property name="sun.cpu.endian" value="little"/>
    <property name="user.home" value="/Users/ferrarizhou"/>
    <property name="user.language" value="zh"/>
    <property name="java.specification.vendor" value="Oracle Corporation"/>
    <property name="java.version.date" value="2020-10-20"/>
    <property name="java.home" value="/Users/ferrarizhou/Library/Java/JavaVirtualMachines/openjdk-15.0.1/Contents/Home"/>
    <property name="file.separator" value="/"/>
    <property name="basedir" value="/Users/ferrarizhou/IdeaProjects/school-bus-project/school-bus/guns-api"/>
    <property name="java.vm.compressedOopsMode" value="Zero based"/>
    <property name="line.separator" value="&#10;"/>
    <property name="java.vm.specification.vendor" value="Oracle Corporation"/>
    <property name="java.specification.name" value="Java Platform API Specification"/>
    <property name="surefire.real.class.path" value="/Users/ferrarizhou/IdeaProjects/school-bus-project/school-bus/guns-api/target/surefire/surefirebooter16562708570142596451.jar"/>
    <property name="user.script" value="Hans"/>
    <property name="sun.management.compiler" value="HotSpot 64-Bit Tiered Compilers"/>
    <property name="java.runtime.version" value="15.0.1+9-18"/>
    <property name="user.name" value="ferrarizhou"/>
    <property name="path.separator" value=":"/>
    <property name="os.version" value="10.15.6"/>
    <property name="java.runtime.name" value="OpenJDK Runtime Environment"/>
    <property name="file.encoding" value="UTF-8"/>
    <property name="java.vm.name" value="OpenJDK 64-Bit Server VM"/>
    <property name="localRepository" value="/Users/ferrarizhou/.m2/repository"/>
    <property name="java.vendor.url.bug" value="https://bugreport.java.com/bugreport/"/>
    <property name="java.io.tmpdir" value="/var/folders/zw/j0gxq3zs3qbf6pfbw811613r0000gn/T/"/>
    <property name="idea.version" value="2020.2.4"/>
    <property name="java.version" value="15.0.1"/>
    <property name="user.dir" value="/Users/ferrarizhou/IdeaProjects/school-bus-project/school-bus/guns-api"/>
    <property name="os.arch" value="x86_64"/>
    <property name="java.vm.specification.name" value="Java Virtual Machine Specification"/>
    <property name="java.library.path" value="/Users/ferrarizhou/Library/Java/Extensions:/Library/Java/Extensions:/Network/Library/Java/Extensions:/System/Library/Java/Extensions:/usr/lib/java:."/>
    <property name="java.vm.info" value="mixed mode, sharing"/>
    <property name="java.vendor" value="Oracle Corporation"/>
    <property name="java.vm.version" value="15.0.1+9-18"/>
    <property name="sun.io.unicode.encoding" value="UnicodeBig"/>
    <property name="java.class.version" value="59.0"/>
  </properties>
  <testcase name="contextLoads" classname="com.stylefeng.guns.rest.GunsApiApplicationTests" time="0.003"/>
</testsuite>