<?xml version="1.0" encoding="UTF-8"?>
<!-- Generated by org.testng.reporters.JUnitReportReporter -->
<testsuite hostname="FERRARIZHOU-MB0" failures="0" tests="1" name="com.stylefeng.guns.rest.GunsApiApplicationTests" time="0.003" errors="0" timestamp="2021-01-04T11:05:10 CST" skipped="0">
  <testcase classname="com.stylefeng.guns.rest.GunsApiApplicationTests" name="contextLoads" time="0.003"/>
  <system-out/>
</testsuite> <!-- com.stylefeng.guns.rest.GunsApiApplicationTests -->
